0 info it worked if it ends with ok
1 verbose cli [ '/usr/local/bin/node',
1 verbose cli   '/usr/local/lib/node_modules/npm/bin/npm-cli.js',
1 verbose cli   'install',
1 verbose cli   '@/components/Hello' ]
2 info using npm@3.10.10
3 info using node@v6.10.0
4 silly loadCurrentTree Starting
5 silly install loadCurrentTree
6 silly install readLocalPackageData
7 silly fetchPackageMetaData @/components/Hello
8 silly fetchOtherPackageData @/components/Hello
9 silly cache add args [ '@/components/Hello', null ]
10 verbose cache add spec @/components/Hello
11 silly cache add parsed spec Result {
11 silly cache add   raw: '@/components/Hello',
11 silly cache add   scope: null,
11 silly cache add   escapedName: null,
11 silly cache add   name: null,
11 silly cache add   rawSpec: '@/components/Hello',
11 silly cache add   spec: '/Users/liyaohui/Workspace/vue/my-project/@/components/Hello',
11 silly cache add   type: 'local' }
12 error addLocal Could not install /Users/liyaohui/Workspace/vue/my-project/@/components/Hello
13 silly fetchPackageMetaData Error: ENOENT: no such file or directory, open '/Users/liyaohui/Workspace/vue/my-project/@/components/Hello'
13 silly fetchPackageMetaData     at Error (native)
13 silly fetchPackageMetaData  error for @/components/Hello { Error: ENOENT: no such file or directory, open '/Users/liyaohui/Workspace/vue/my-project/@/components/Hello'
13 silly fetchPackageMetaData     at Error (native)
13 silly fetchPackageMetaData   errno: -2,
13 silly fetchPackageMetaData   code: 'ENOENT',
13 silly fetchPackageMetaData   syscall: 'open',
13 silly fetchPackageMetaData   path: '/Users/liyaohui/Workspace/vue/my-project/@/components/Hello' }
14 silly rollbackFailedOptional Starting
15 silly rollbackFailedOptional Finishing
16 silly runTopLevelLifecycles Finishing
17 silly install printInstalled
18 verbose stack Error: ENOENT: no such file or directory, open '/Users/liyaohui/Workspace/vue/my-project/@/components/Hello'
18 verbose stack     at Error (native)
19 verbose cwd /Users/liyaohui/Workspace/vue/my-project
20 error Darwin 16.5.0
21 error argv "/usr/local/bin/node" "/usr/local/lib/node_modules/npm/bin/npm-cli.js" "install" "@/components/Hello"
22 error node v6.10.0
23 error npm  v3.10.10
24 error path /Users/liyaohui/Workspace/vue/my-project/@/components/Hello
25 error code ENOENT
26 error errno -2
27 error syscall open
28 error enoent ENOENT: no such file or directory, open '/Users/liyaohui/Workspace/vue/my-project/@/components/Hello'
29 error enoent ENOENT: no such file or directory, open '/Users/liyaohui/Workspace/vue/my-project/@/components/Hello'
29 error enoent This is most likely not a problem with npm itself
29 error enoent and is related to npm not being able to find a file.
30 verbose exit [ -2, true ]
